<?xml version="1.0" encoding="UTF-8"?>
<testng-results skipped="0" failed="1" ignored="0" total="11" passed="10">
  <reporter-output>
  </reporter-output>
  <suite name="Default suite" duration-ms="669006" started-at="2019-07-19T13:35:02Z" finished-at="2019-07-19T13:46:11Z">
    <groups>
    </groups>
    <test name="Default test" duration-ms="669006" started-at="2019-07-19T13:35:02Z" finished-at="2019-07-19T13:46:11Z">
      <class name="suiteTest.Regresion_Medico">
        <test-method status="PASS" signature="setUpClass()[pri:0, instance:suiteTest.Regresion_Medico@16e8792]" name="setUpClass" is-config="true" duration-ms="41208" started-at="2019-07-19T10:35:02Z" finished-at="2019-07-19T10:35:43Z">
          <reporter-output>
          </reporter-output>
        </test-method> <!-- setUpClass -->
        <test-method status="PASS" signature="setUp(java.lang.reflect.Method)[pri:0, instance:suiteTest.Regresion_Medico@16e8792]" name="setUp" is-config="true" duration-ms="189" started-at="2019-07-19T10:35:43Z" finished-at="2019-07-19T10:35:43Z">
          <params>
            <param index="0">
              <value>
                <![CDATA[public void suiteTest.Regresion_Medico.M_Home_01(java.lang.reflect.Method)]]>
              </value>
            </param>
          </params>
          <reporter-output>
          </reporter-output>
        </test-method> <!-- setUp -->
        <test-method status="PASS" signature="M_Home_01(java.lang.reflect.Method)[pri:0, instance:suiteTest.Regresion_Medico@16e8792]" name="M_Home_01" duration-ms="52900" started-at="2019-07-19T10:35:43Z" finished-at="2019-07-19T10:36:36Z">
          <params>
            <param index="0">
              <value>
                <![CDATA[public void suiteTest.Regresion_Medico.M_Home_01(java.lang.reflect.Method)]]>
              </value>
            </param>
          </params>
          <reporter-output>
          </reporter-output>
        </test-method> <!-- M_Home_01 -->
        <test-method status="PASS" signature="stepFail(org.testng.ITestResult)[pri:0, instance:suiteTest.Regresion_Medico@16e8792]" name="stepFail" is-config="true" duration-ms="2" started-at="2019-07-19T10:36:36Z" finished-at="2019-07-19T10:36:36Z">
          <params>
            <param index="0">
              <value>
                <![CDATA[[TestResult name=M_Home_01 status=SUCCESS method=Regresion_Medico.M_Home_01(java.lang.reflect.Method)[pri:0, instance:suiteTest.Regresion_Medico@16e8792] output={null}]]]>
              </value>
            </param>
          </params>
          <reporter-output>
          </reporter-output>
        </test-method> <!-- stepFail -->
        <test-method status="PASS" signature="tearDown()[pri:0, instance:suiteTest.Regresion_Medico@16e8792]" name="tearDown" is-config="true" duration-ms="1628" started-at="2019-07-19T10:36:36Z" finished-at="2019-07-19T10:36:38Z">
          <reporter-output>
          </reporter-output>
        </test-method> <!-- tearDown -->
        <test-method status="PASS" signature="setUp(java.lang.reflect.Method)[pri:0, instance:suiteTest.Regresion_Medico@16e8792]" name="setUp" is-config="true" duration-ms="134" started-at="2019-07-19T10:36:38Z" finished-at="2019-07-19T10:36:38Z">
          <params>
            <param index="0">
              <value>
                <![CDATA[public void suiteTest.Regresion_Medico.M_Home_02(java.lang.reflect.Method)]]>
              </value>
            </param>
          </params>
          <reporter-output>
          </reporter-output>
        </test-method> <!-- setUp -->
        <test-method status="PASS" signature="M_Home_02(java.lang.reflect.Method)[pri:0, instance:suiteTest.Regresion_Medico@16e8792]" name="M_Home_02" duration-ms="18763" started-at="2019-07-19T10:36:38Z" finished-at="2019-07-19T10:36:57Z">
          <params>
            <param index="0">
              <value>
                <![CDATA[public void suiteTest.Regresion_Medico.M_Home_02(java.lang.reflect.Method)]]>
              </value>
            </param>
          </params>
          <reporter-output>
          </reporter-output>
        </test-method> <!-- M_Home_02 -->
        <test-method status="PASS" signature="stepFail(org.testng.ITestResult)[pri:0, instance:suiteTest.Regresion_Medico@16e8792]" name="stepFail" is-config="true" duration-ms="0" started-at="2019-07-19T10:36:57Z" finished-at="2019-07-19T10:36:57Z">
          <params>
            <param index="0">
              <value>
                <![CDATA[[TestResult name=M_Home_02 status=SUCCESS method=Regresion_Medico.M_Home_02(java.lang.reflect.Method)[pri:0, instance:suiteTest.Regresion_Medico@16e8792] output={null}]]]>
              </value>
            </param>
          </params>
          <reporter-output>
          </reporter-output>
        </test-method> <!-- stepFail -->
        <test-method status="PASS" signature="tearDown()[pri:0, instance:suiteTest.Regresion_Medico@16e8792]" name="tearDown" is-config="true" duration-ms="1608" started-at="2019-07-19T10:36:57Z" finished-at="2019-07-19T10:36:58Z">
          <reporter-output>
          </reporter-output>
        </test-method> <!-- tearDown -->
        <test-method status="PASS" signature="setUp(java.lang.reflect.Method)[pri:0, instance:suiteTest.Regresion_Medico@16e8792]" name="setUp" is-config="true" duration-ms="189" started-at="2019-07-19T10:36:58Z" finished-at="2019-07-19T10:36:58Z">
          <params>
            <param index="0">
              <value>
                <![CDATA[public void suiteTest.Regresion_Medico.M_Home_03(java.lang.reflect.Method)]]>
              </value>
            </param>
          </params>
          <reporter-output>
          </reporter-output>
        </test-method> <!-- setUp -->
        <test-method status="PASS" signature="M_Home_03(java.lang.reflect.Method)[pri:0, instance:suiteTest.Regresion_Medico@16e8792]" name="M_Home_03" duration-ms="168980" started-at="2019-07-19T10:36:58Z" finished-at="2019-07-19T10:39:47Z">
          <params>
            <param index="0">
              <value>
                <![CDATA[public void suiteTest.Regresion_Medico.M_Home_03(java.lang.reflect.Method)]]>
              </value>
            </param>
          </params>
          <reporter-output>
          </reporter-output>
        </test-method> <!-- M_Home_03 -->
        <test-method status="PASS" signature="stepFail(org.testng.ITestResult)[pri:0, instance:suiteTest.Regresion_Medico@16e8792]" name="stepFail" is-config="true" duration-ms="1" started-at="2019-07-19T10:39:47Z" finished-at="2019-07-19T10:39:47Z">
          <params>
            <param index="0">
              <value>
                <![CDATA[[TestResult name=M_Home_03 status=SUCCESS method=Regresion_Medico.M_Home_03(java.lang.reflect.Method)[pri:0, instance:suiteTest.Regresion_Medico@16e8792] output={null}]]]>
              </value>
            </param>
          </params>
          <reporter-output>
          </reporter-output>
        </test-method> <!-- stepFail -->
        <test-method status="PASS" signature="tearDown()[pri:0, instance:suiteTest.Regresion_Medico@16e8792]" name="tearDown" is-config="true" duration-ms="2473" started-at="2019-07-19T10:39:47Z" finished-at="2019-07-19T10:39:50Z">
          <reporter-output>
          </reporter-output>
        </test-method> <!-- tearDown -->
        <test-method status="PASS" signature="setUp(java.lang.reflect.Method)[pri:0, instance:suiteTest.Regresion_Medico@16e8792]" name="setUp" is-config="true" duration-ms="170" started-at="2019-07-19T10:39:50Z" finished-at="2019-07-19T10:39:50Z">
          <params>
            <param index="0">
              <value>
                <![CDATA[public void suiteTest.Regresion_Medico.M_Home_04(java.lang.reflect.Method)]]>
              </value>
            </param>
          </params>
          <reporter-output>
          </reporter-output>
        </test-method> <!-- setUp -->
        <test-method status="PASS" signature="M_Home_04(java.lang.reflect.Method)[pri:0, instance:suiteTest.Regresion_Medico@16e8792]" name="M_Home_04" duration-ms="26516" started-at="2019-07-19T10:39:50Z" finished-at="2019-07-19T10:40:16Z">
          <params>
            <param index="0">
              <value>
                <![CDATA[public void suiteTest.Regresion_Medico.M_Home_04(java.lang.reflect.Method)]]>
              </value>
            </param>
          </params>
          <reporter-output>
          </reporter-output>
        </test-method> <!-- M_Home_04 -->
        <test-method status="PASS" signature="tearDown()[pri:0, instance:suiteTest.Regresion_Medico@16e8792]" name="tearDown" is-config="true" duration-ms="1105" started-at="2019-07-19T10:40:16Z" finished-at="2019-07-19T10:40:18Z">
          <reporter-output>
          </reporter-output>
        </test-method> <!-- tearDown -->
        <test-method status="PASS" signature="stepFail(org.testng.ITestResult)[pri:0, instance:suiteTest.Regresion_Medico@16e8792]" name="stepFail" is-config="true" duration-ms="0" started-at="2019-07-19T10:40:16Z" finished-at="2019-07-19T10:40:16Z">
          <params>
            <param index="0">
              <value>
                <![CDATA[[TestResult name=M_Home_04 status=SUCCESS method=Regresion_Medico.M_Home_04(java.lang.reflect.Method)[pri:0, instance:suiteTest.Regresion_Medico@16e8792] output={null}]]]>
              </value>
            </param>
          </params>
          <reporter-output>
          </reporter-output>
        </test-method> <!-- stepFail -->
        <test-method status="PASS" signature="setUp(java.lang.reflect.Method)[pri:0, instance:suiteTest.Regresion_Medico@16e8792]" name="setUp" is-config="true" duration-ms="62" started-at="2019-07-19T10:40:18Z" finished-at="2019-07-19T10:40:18Z">
          <params>
            <param index="0">
              <value>
                <![CDATA[public void suiteTest.Regresion_Medico.M_Home_05(java.lang.reflect.Method)]]>
              </value>
            </param>
          </params>
          <reporter-output>
          </reporter-output>
        </test-method> <!-- setUp -->
        <test-method status="FAIL" signature="M_Home_05(java.lang.reflect.Method)[pri:0, instance:suiteTest.Regresion_Medico@16e8792]" name="M_Home_05" duration-ms="240747" started-at="2019-07-19T10:40:18Z" finished-at="2019-07-19T10:44:18Z">
          <params>
            <param index="0">
              <value>
                <![CDATA[public void suiteTest.Regresion_Medico.M_Home_05(java.lang.reflect.Method)]]>
              </value>
            </param>
          </params>
          <exception class="java.lang.AssertionError">
            <message>
              <![CDATA[Fallo test - M_Home_05 - Step: 2_Se verifica la visualizaci贸n del bot贸n Salir]]>
            </message>
            <full-stacktrace>
              <![CDATA[java.lang.AssertionError: Fallo test - M_Home_05 - Step: 2_Se verifica la visualizaci贸n del bot贸n Salir
	at org.testng.Assert.fail(Assert.java:93)
	at steps.M_Home_SalirStep.Run(M_Home_SalirStep.java:54)
	at suiteTest.Regresion_Medico.M_Home_05(Regresion_Medico.java:115)
	at sun.reflect.NativeMethodAccessorImpl.invoke0(Native Method)
	at sun.reflect.NativeMethodAccessorImpl.invoke(NativeMethodAccessorImpl.java:62)
	at sun.reflect.DelegatingMethodAccessorImpl.invoke(DelegatingMethodAccessorImpl.java:43)
	at java.lang.reflect.Method.invoke(Method.java:498)
	at org.testng.internal.MethodInvocationHelper.invokeMethod(MethodInvocationHelper.java:108)
	at org.testng.internal.Invoker.invokeMethod(Invoker.java:661)
	at org.testng.internal.Invoker.invokeTestMethod(Invoker.java:869)
	at org.testng.internal.Invoker.invokeTestMethods(Invoker.java:1193)
	at org.testng.internal.TestMethodWorker.invokeTestMethods(TestMethodWorker.java:126)
	at org.testng.internal.TestMethodWorker.run(TestMethodWorker.java:109)
	at org.testng.TestRunner.privateRun(TestRunner.java:744)
	at org.testng.TestRunner.run(TestRunner.java:602)
	at org.testng.SuiteRunner.runTest(SuiteRunner.java:380)
	at org.testng.SuiteRunner.runSequentially(SuiteRunner.java:375)
	at org.testng.SuiteRunner.privateRun(SuiteRunner.java:340)
	at org.testng.SuiteRunner.run(SuiteRunner.java:289)
	at org.testng.SuiteRunnerWorker.runSuite(SuiteRunnerWorker.java:52)
	at org.testng.SuiteRunnerWorker.run(SuiteRunnerWorker.java:86)
	at org.testng.TestNG.runSuitesSequentially(TestNG.java:1301)
	at org.testng.TestNG.runSuitesLocally(TestNG.java:1226)
	at org.testng.TestNG.runSuites(TestNG.java:1144)
	at org.testng.TestNG.run(TestNG.java:1115)
	at org.testng.remote.RemoteTestNG.run(RemoteTestNG.java:113)
	at org.testng.remote.RemoteTestNG.initAndRun(RemoteTestNG.java:206)
	at org.testng.remote.RemoteTestNG.main(RemoteTestNG.java:177)
]]>
            </full-stacktrace>
          </exception> <!-- java.lang.AssertionError -->
          <reporter-output>
          </reporter-output>
        </test-method> <!-- M_Home_05 -->
        <test-method status="PASS" signature="stepFail(org.testng.ITestResult)[pri:0, instance:suiteTest.Regresion_Medico@16e8792]" name="stepFail" is-config="true" duration-ms="675" started-at="2019-07-19T10:44:20Z" finished-at="2019-07-19T10:44:20Z">
          <params>
            <param index="0">
              <value>
                <![CDATA[[TestResult name=M_Home_05 status=FAILURE method=Regresion_Medico.M_Home_05(java.lang.reflect.Method)[pri:0, instance:suiteTest.Regresion_Medico@16e8792] output={null}]]]>
              </value>
            </param>
          </params>
          <reporter-output>
          </reporter-output>
        </test-method> <!-- stepFail -->
        <test-method status="PASS" signature="tearDown()[pri:0, instance:suiteTest.Regresion_Medico@16e8792]" name="tearDown" is-config="true" duration-ms="1809" started-at="2019-07-19T10:44:20Z" finished-at="2019-07-19T10:44:22Z">
          <reporter-output>
          </reporter-output>
        </test-method> <!-- tearDown -->
        <test-method status="PASS" signature="setUp(java.lang.reflect.Method)[pri:0, instance:suiteTest.Regresion_Medico@16e8792]" name="setUp" is-config="true" duration-ms="188" started-at="2019-07-19T10:44:22Z" finished-at="2019-07-19T10:44:22Z">
          <params>
            <param index="0">
              <value>
                <![CDATA[public void suiteTest.Regresion_Medico.M_Login_01(java.lang.reflect.Method)]]>
              </value>
            </param>
          </params>
          <reporter-output>
          </reporter-output>
        </test-method> <!-- setUp -->
        <test-method status="PASS" signature="M_Login_01(java.lang.reflect.Method)[pri:0, instance:suiteTest.Regresion_Medico@16e8792]" name="M_Login_01" duration-ms="4800" started-at="2019-07-19T10:44:22Z" finished-at="2019-07-19T10:44:27Z">
          <params>
            <param index="0">
              <value>
                <![CDATA[public void suiteTest.Regresion_Medico.M_Login_01(java.lang.reflect.Method)]]>
              </value>
            </param>
          </params>
          <reporter-output>
          </reporter-output>
        </test-method> <!-- M_Login_01 -->
        <test-method status="PASS" signature="tearDown()[pri:0, instance:suiteTest.Regresion_Medico@16e8792]" name="tearDown" is-config="true" duration-ms="275" started-at="2019-07-19T10:44:27Z" finished-at="2019-07-19T10:44:28Z">
          <reporter-output>
          </reporter-output>
        </test-method> <!-- tearDown -->
        <test-method status="PASS" signature="stepFail(org.testng.ITestResult)[pri:0, instance:suiteTest.Regresion_Medico@16e8792]" name="stepFail" is-config="true" duration-ms="0" started-at="2019-07-19T10:44:27Z" finished-at="2019-07-19T10:44:27Z">
          <params>
            <param index="0">
              <value>
                <![CDATA[[TestResult name=M_Login_01 status=SUCCESS method=Regresion_Medico.M_Login_01(java.lang.reflect.Method)[pri:0, instance:suiteTest.Regresion_Medico@16e8792] output={null}]]]>
              </value>
            </param>
          </params>
          <reporter-output>
          </reporter-output>
        </test-method> <!-- stepFail -->
        <test-method status="PASS" signature="setUp(java.lang.reflect.Method)[pri:0, instance:suiteTest.Regresion_Medico@16e8792]" name="setUp" is-config="true" duration-ms="78" started-at="2019-07-19T10:44:28Z" finished-at="2019-07-19T10:44:28Z">
          <params>
            <param index="0">
              <value>
                <![CDATA[public void suiteTest.Regresion_Medico.M_Login_02(java.lang.reflect.Method)]]>
              </value>
            </param>
          </params>
          <reporter-output>
          </reporter-output>
        </test-method> <!-- setUp -->
        <test-method status="PASS" signature="M_Login_02(java.lang.reflect.Method)[pri:0, instance:suiteTest.Regresion_Medico@16e8792]" name="M_Login_02" duration-ms="10141" started-at="2019-07-19T10:44:28Z" finished-at="2019-07-19T10:44:38Z">
          <params>
            <param index="0">
              <value>
                <![CDATA[public void suiteTest.Regresion_Medico.M_Login_02(java.lang.reflect.Method)]]>
              </value>
            </param>
          </params>
          <reporter-output>
          </reporter-output>
        </test-method> <!-- M_Login_02 -->
        <test-method status="PASS" signature="stepFail(org.testng.ITestResult)[pri:0, instance:suiteTest.Regresion_Medico@16e8792]" name="stepFail" is-config="true" duration-ms="1" started-at="2019-07-19T10:44:38Z" finished-at="2019-07-19T10:44:38Z">
          <params>
            <param index="0">
              <value>
                <![CDATA[[TestResult name=M_Login_02 status=SUCCESS method=Regresion_Medico.M_Login_02(java.lang.reflect.Method)[pri:0, instance:suiteTest.Regresion_Medico@16e8792] output={null}]]]>
              </value>
            </param>
          </params>
          <reporter-output>
          </reporter-output>
        </test-method> <!-- stepFail -->
        <test-method status="PASS" signature="tearDown()[pri:0, instance:suiteTest.Regresion_Medico@16e8792]" name="tearDown" is-config="true" duration-ms="4035" started-at="2019-07-19T10:44:38Z" finished-at="2019-07-19T10:44:42Z">
          <reporter-output>
          </reporter-output>
        </test-method> <!-- tearDown -->
        <test-method status="PASS" signature="setUp(java.lang.reflect.Method)[pri:0, instance:suiteTest.Regresion_Medico@16e8792]" name="setUp" is-config="true" duration-ms="78" started-at="2019-07-19T10:44:42Z" finished-at="2019-07-19T10:44:42Z">
          <params>
            <param index="0">
              <value>
                <![CDATA[public void suiteTest.Regresion_Medico.M_Login_03(java.lang.reflect.Method)]]>
              </value>
            </param>
          </params>
          <reporter-output>
          </reporter-output>
        </test-method> <!-- setUp -->
        <test-method status="PASS" signature="M_Login_03(java.lang.reflect.Method)[pri:0, instance:suiteTest.Regresion_Medico@16e8792]" name="M_Login_03" duration-ms="9383" started-at="2019-07-19T10:44:42Z" finished-at="2019-07-19T10:44:51Z">
          <params>
            <param index="0">
              <value>
                <![CDATA[public void suiteTest.Regresion_Medico.M_Login_03(java.lang.reflect.Method)]]>
              </value>
            </param>
          </params>
          <reporter-output>
          </reporter-output>
        </test-method> <!-- M_Login_03 -->
        <test-method status="PASS" signature="stepFail(org.testng.ITestResult)[pri:0, instance:suiteTest.Regresion_Medico@16e8792]" name="stepFail" is-config="true" duration-ms="0" started-at="2019-07-19T10:44:51Z" finished-at="2019-07-19T10:44:51Z">
          <params>
            <param index="0">
              <value>
                <![CDATA[[TestResult name=M_Login_03 status=SUCCESS method=Regresion_Medico.M_Login_03(java.lang.reflect.Method)[pri:0, instance:suiteTest.Regresion_Medico@16e8792] output={null}]]]>
              </value>
            </param>
          </params>
          <reporter-output>
          </reporter-output>
        </test-method> <!-- stepFail -->
        <test-method status="PASS" signature="tearDown()[pri:0, instance:suiteTest.Regresion_Medico@16e8792]" name="tearDown" is-config="true" duration-ms="5567" started-at="2019-07-19T10:44:51Z" finished-at="2019-07-19T10:44:57Z">
          <reporter-output>
          </reporter-output>
        </test-method> <!-- tearDown -->
        <test-method status="PASS" signature="setUp(java.lang.reflect.Method)[pri:0, instance:suiteTest.Regresion_Medico@16e8792]" name="setUp" is-config="true" duration-ms="67" started-at="2019-07-19T10:44:57Z" finished-at="2019-07-19T10:44:57Z">
          <params>
            <param index="0">
              <value>
                <![CDATA[public void suiteTest.Regresion_Medico.M_Login_04(java.lang.reflect.Method)]]>
              </value>
            </param>
          </params>
          <reporter-output>
          </reporter-output>
        </test-method> <!-- setUp -->
        <test-method status="PASS" signature="M_Login_04(java.lang.reflect.Method)[pri:0, instance:suiteTest.Regresion_Medico@16e8792]" name="M_Login_04" duration-ms="4145" started-at="2019-07-19T10:44:57Z" finished-at="2019-07-19T10:45:01Z">
          <params>
            <param index="0">
              <value>
                <![CDATA[public void suiteTest.Regresion_Medico.M_Login_04(java.lang.reflect.Method)]]>
              </value>
            </param>
          </params>
          <reporter-output>
          </reporter-output>
        </test-method> <!-- M_Login_04 -->
        <test-method status="PASS" signature="tearDown()[pri:0, instance:suiteTest.Regresion_Medico@16e8792]" name="tearDown" is-config="true" duration-ms="254" started-at="2019-07-19T10:45:01Z" finished-at="2019-07-19T10:45:01Z">
          <reporter-output>
          </reporter-output>
        </test-method> <!-- tearDown -->
        <test-method status="PASS" signature="stepFail(org.testng.ITestResult)[pri:0, instance:suiteTest.Regresion_Medico@16e8792]" name="stepFail" is-config="true" duration-ms="0" started-at="2019-07-19T10:45:01Z" finished-at="2019-07-19T10:45:01Z">
          <params>
            <param index="0">
              <value>
                <![CDATA[[TestResult name=M_Login_04 status=SUCCESS method=Regresion_Medico.M_Login_04(java.lang.reflect.Method)[pri:0, instance:suiteTest.Regresion_Medico@16e8792] output={null}]]]>
              </value>
            </param>
          </params>
          <reporter-output>
          </reporter-output>
        </test-method> <!-- stepFail -->
        <test-method status="PASS" signature="setUp(java.lang.reflect.Method)[pri:0, instance:suiteTest.Regresion_Medico@16e8792]" name="setUp" is-config="true" duration-ms="70" started-at="2019-07-19T10:45:01Z" finished-at="2019-07-19T10:45:01Z">
          <params>
            <param index="0">
              <value>
                <![CDATA[public void suiteTest.Regresion_Medico.M_Login_05(java.lang.reflect.Method)]]>
              </value>
            </param>
          </params>
          <reporter-output>
          </reporter-output>
        </test-method> <!-- setUp -->
        <test-method status="PASS" signature="M_Login_05(java.lang.reflect.Method)[pri:0, instance:suiteTest.Regresion_Medico@16e8792]" name="M_Login_05" duration-ms="9367" started-at="2019-07-19T10:45:01Z" finished-at="2019-07-19T10:45:11Z">
          <params>
            <param index="0">
              <value>
                <![CDATA[public void suiteTest.Regresion_Medico.M_Login_05(java.lang.reflect.Method)]]>
              </value>
            </param>
          </params>
          <reporter-output>
          </reporter-output>
        </test-method> <!-- M_Login_05 -->
        <test-method status="PASS" signature="stepFail(org.testng.ITestResult)[pri:0, instance:suiteTest.Regresion_Medico@16e8792]" name="stepFail" is-config="true" duration-ms="0" started-at="2019-07-19T10:45:11Z" finished-at="2019-07-19T10:45:11Z">
          <params>
            <param index="0">
              <value>
                <![CDATA[[TestResult name=M_Login_05 status=SUCCESS method=Regresion_Medico.M_Login_05(java.lang.reflect.Method)[pri:0, instance:suiteTest.Regresion_Medico@16e8792] output={null}]]]>
              </value>
            </param>
          </params>
          <reporter-output>
          </reporter-output>
        </test-method> <!-- stepFail -->
        <test-method status="PASS" signature="tearDown()[pri:0, instance:suiteTest.Regresion_Medico@16e8792]" name="tearDown" is-config="true" duration-ms="9843" started-at="2019-07-19T10:45:11Z" finished-at="2019-07-19T10:45:21Z">
          <reporter-output>
          </reporter-output>
        </test-method> <!-- tearDown -->
        <test-method status="PASS" signature="setUp(java.lang.reflect.Method)[pri:0, instance:suiteTest.Regresion_Medico@16e8792]" name="setUp" is-config="true" duration-ms="74" started-at="2019-07-19T10:45:21Z" finished-at="2019-07-19T10:45:21Z">
          <params>
            <param index="0">
              <value>
                <![CDATA[public void suiteTest.Regresion_Medico.M_Login_06(java.lang.reflect.Method)]]>
              </value>
            </param>
          </params>
          <reporter-output>
          </reporter-output>
        </test-method> <!-- setUp -->
        <test-method status="PASS" signature="M_Login_06(java.lang.reflect.Method)[pri:0, instance:suiteTest.Regresion_Medico@16e8792]" name="M_Login_06" duration-ms="7348" started-at="2019-07-19T10:45:21Z" finished-at="2019-07-19T10:45:28Z">
          <params>
            <param index="0">
              <value>
                <![CDATA[public void suiteTest.Regresion_Medico.M_Login_06(java.lang.reflect.Method)]]>
              </value>
            </param>
          </params>
          <reporter-output>
          </reporter-output>
        </test-method> <!-- M_Login_06 -->
        <test-method status="PASS" signature="stepFail(org.testng.ITestResult)[pri:0, instance:suiteTest.Regresion_Medico@16e8792]" name="stepFail" is-config="true" duration-ms="0" started-at="2019-07-19T10:45:28Z" finished-at="2019-07-19T10:45:28Z">
          <params>
            <param index="0">
              <value>
                <![CDATA[[TestResult name=M_Login_06 status=SUCCESS method=Regresion_Medico.M_Login_06(java.lang.reflect.Method)[pri:0, instance:suiteTest.Regresion_Medico@16e8792] output={null}]]]>
              </value>
            </param>
          </params>
          <reporter-output>
          </reporter-output>
        </test-method> <!-- stepFail -->
        <test-method status="PASS" signature="tearDown()[pri:0, instance:suiteTest.Regresion_Medico@16e8792]" name="tearDown" is-config="true" duration-ms="2579" started-at="2019-07-19T10:45:28Z" finished-at="2019-07-19T10:45:31Z">
          <reporter-output>
          </reporter-output>
        </test-method> <!-- tearDown -->
        <test-method status="PASS" signature="tearDownClass()[pri:0, instance:suiteTest.Regresion_Medico@16e8792]" name="tearDownClass" is-config="true" duration-ms="39898" started-at="2019-07-19T10:45:31Z" finished-at="2019-07-19T10:46:11Z">
          <reporter-output>
          </reporter-output>
        </test-method> <!-- tearDownClass -->
      </class> <!-- suiteTest.Regresion_Medico -->
    </test> <!-- Default test -->
  </suite> <!-- Default suite -->
</testng-results>
